<?xml version="1.0" encoding="UTF-8"?>
<!-- Generated by org.testng.reporters.JUnitReportReporter -->
<testsuite hostname="ChInnU" name="scripts.Gmail" tests="1" failures="0" timestamp="6 Jul 2018 07:33:13 GMT" time="2.741" errors="0">
  <testcase name="gmail" time="2.741" classname="scripts.Gmail"/>
</testsuite>
