<?xml version="1.0" encoding="UTF-8"?>
<!-- Generated by org.testng.reporters.JUnitReportReporter -->
<testsuite hostname="ChInnU" name="com.TestNG.rakesh.scripts.Ipartner" tests="2" failures="0" timestamp="29 Jun 2018 08:23:27 GMT" time="15.201" errors="0">
  <testcase name="login" time="14.121" classname="com.TestNG.rakesh.scripts.Ipartner"/>
  <testcase name="logOut" time="1.080" classname="com.TestNG.rakesh.scripts.Ipartner"/>
</testsuite> <!-- com.TestNG.rakesh.scripts.Ipartner -->
